mode: set
github.com/couchbase/gocbcorex/httpcomponent.go:14.104,16.16 2 1
github.com/couchbase/gocbcorex/httpcomponent.go:20.2,20.28 1 1
github.com/couchbase/gocbcorex/httpcomponent.go:16.16,18.3 1 0
github.com/couchbase/gocbcorex/retrymanager_default.go:13.52,17.2 1 0
github.com/couchbase/gocbcorex/retrymanager_default.go:19.68,23.2 1 0
github.com/couchbase/gocbcorex/retrymanager_default.go:30.68,33.36 1 0
github.com/couchbase/gocbcorex/retrymanager_default.go:37.2,37.13 1 0
github.com/couchbase/gocbcorex/retrymanager_default.go:33.36,35.3 1 0
github.com/couchbase/gocbcorex/retrymanager_default.go:40.80,41.31 1 0
github.com/couchbase/gocbcorex/retrymanager_default.go:45.2,53.24 4 0
github.com/couchbase/gocbcorex/retrymanager_default.go:41.31,43.3 1 0
github.com/couchbase/gocbcorex/routeconfig.go:40.43,42.98 1 1
github.com/couchbase/gocbcorex/routeconfig.go:45.2,45.24 1 1
github.com/couchbase/gocbcorex/routeconfig.go:42.98,44.3 1 0
github.com/couchbase/gocbcorex/routeconfig.go:46.24,47.55 1 1
github.com/couchbase/gocbcorex/routeconfig.go:50.19,51.14 1 1
github.com/couchbase/gocbcorex/routeconfig.go:52.10,53.15 1 1
github.com/couchbase/gocbcorex/routeconfig.go:57.47,59.2 1 1
github.com/couchbase/gocbcorex/routeconfig.go:61.62,62.40 1 1
github.com/couchbase/gocbcorex/routeconfig.go:70.2,70.34 1 1
github.com/couchbase/gocbcorex/routeconfig.go:78.2,78.10 1 0
github.com/couchbase/gocbcorex/routeconfig.go:62.40,65.3 1 1
github.com/couchbase/gocbcorex/routeconfig.go:65.8,65.47 1 1
github.com/couchbase/gocbcorex/routeconfig.go:65.47,68.3 1 1
github.com/couchbase/gocbcorex/routeconfig.go:70.34,73.3 1 1
github.com/couchbase/gocbcorex/routeconfig.go:73.8,73.41 1 0
github.com/couchbase/gocbcorex/routeconfig.go:73.41,76.3 1 0
github.com/couchbase/gocbcorex/collectionresolver_memd.go:22.102,23.17 1 1
github.com/couchbase/gocbcorex/collectionresolver_memd.go:27.2,30.8 1 1
github.com/couchbase/gocbcorex/collectionresolver_memd.go:23.17,25.3 1 0
github.com/couchbase/gocbcorex/collectionresolver_memd.go:35.56,38.65 1 1
github.com/couchbase/gocbcorex/collectionresolver_memd.go:44.2,44.16 1 1
github.com/couchbase/gocbcorex/collectionresolver_memd.go:48.2,48.49 1 1
github.com/couchbase/gocbcorex/collectionresolver_memd.go:38.65,43.4 1 1
github.com/couchbase/gocbcorex/collectionresolver_memd.go:44.16,46.3 1 1
github.com/couchbase/gocbcorex/collectionresolver_memd.go:53.4,56.2 0 0
github.com/couchbase/gocbcorex/httpclient.go:89.92,90.19 1 1
github.com/couchbase/gocbcorex/httpclient.go:94.2,94.17 1 1
github.com/couchbase/gocbcorex/httpclient.go:98.2,106.16 4 1
github.com/couchbase/gocbcorex/httpclient.go:110.2,111.16 2 1
github.com/couchbase/gocbcorex/httpclient.go:115.2,115.17 1 1
github.com/couchbase/gocbcorex/httpclient.go:90.19,92.3 1 1
github.com/couchbase/gocbcorex/httpclient.go:94.17,96.3 1 0
github.com/couchbase/gocbcorex/httpclient.go:106.16,108.3 1 0
github.com/couchbase/gocbcorex/httpclient.go:111.16,113.3 1 1
github.com/couchbase/gocbcorex/httpclient.go:118.87,121.24 3 1
github.com/couchbase/gocbcorex/httpclient.go:148.2,149.27 2 1
github.com/couchbase/gocbcorex/httpclient.go:155.2,155.36 1 1
github.com/couchbase/gocbcorex/httpclient.go:158.2,159.24 2 1
github.com/couchbase/gocbcorex/httpclient.go:164.2,170.16 5 1
github.com/couchbase/gocbcorex/httpclient.go:174.2,176.46 2 1
github.com/couchbase/gocbcorex/httpclient.go:182.2,183.16 2 1
github.com/couchbase/gocbcorex/httpclient.go:187.2,187.38 1 1
github.com/couchbase/gocbcorex/httpclient.go:121.24,122.22 1 1
github.com/couchbase/gocbcorex/httpclient.go:123.20,126.18 3 1
github.com/couchbase/gocbcorex/httpclient.go:129.21,132.18 3 0
github.com/couchbase/gocbcorex/httpclient.go:135.22,138.18 3 0
github.com/couchbase/gocbcorex/httpclient.go:141.11,142.55 1 1
github.com/couchbase/gocbcorex/httpclient.go:126.18,128.5 1 0
github.com/couchbase/gocbcorex/httpclient.go:132.18,134.5 1 0
github.com/couchbase/gocbcorex/httpclient.go:138.18,140.5 1 0
github.com/couchbase/gocbcorex/httpclient.go:144.8,146.3 1 1
github.com/couchbase/gocbcorex/httpclient.go:149.27,151.3 1 1
github.com/couchbase/gocbcorex/httpclient.go:151.8,153.3 1 1
github.com/couchbase/gocbcorex/httpclient.go:155.36,157.3 1 1
github.com/couchbase/gocbcorex/httpclient.go:159.24,161.3 1 1
github.com/couchbase/gocbcorex/httpclient.go:161.8,163.3 1 1
github.com/couchbase/gocbcorex/httpclient.go:170.16,172.3 1 0
github.com/couchbase/gocbcorex/httpclient.go:176.46,178.3 1 1
github.com/couchbase/gocbcorex/httpclient.go:178.8,180.3 1 1
github.com/couchbase/gocbcorex/httpclient.go:183.16,185.3 1 0
github.com/couchbase/gocbcorex/httpclient.go:190.66,191.19 1 1
github.com/couchbase/gocbcorex/httpclient.go:195.2,202.27 3 1
github.com/couchbase/gocbcorex/httpclient.go:205.2,205.27 1 1
github.com/couchbase/gocbcorex/httpclient.go:209.2,209.35 1 1
github.com/couchbase/gocbcorex/httpclient.go:213.2,213.36 1 1
github.com/couchbase/gocbcorex/httpclient.go:217.2,217.37 1 1
github.com/couchbase/gocbcorex/httpclient.go:222.2,224.12 2 1
github.com/couchbase/gocbcorex/httpclient.go:191.19,193.3 1 0
github.com/couchbase/gocbcorex/httpclient.go:202.27,204.3 1 1
github.com/couchbase/gocbcorex/httpclient.go:205.27,207.3 1 1
github.com/couchbase/gocbcorex/httpclient.go:209.35,212.3 2 1
github.com/couchbase/gocbcorex/httpclient.go:213.36,216.3 2 1
github.com/couchbase/gocbcorex/httpclient.go:217.37,220.3 2 1
github.com/couchbase/gocbcorex/httpclient.go:227.53,234.2 4 1
github.com/couchbase/gocbcorex/httpclient.go:236.48,243.2 4 0
github.com/couchbase/gocbcorex/httpclient.go:245.49,252.2 4 0
github.com/couchbase/gocbcorex/httpclient.go:254.36,258.2 2 1
github.com/couchbase/gocbcorex/httpclient.go:260.91,273.82 3 1
github.com/couchbase/gocbcorex/httpclient.go:290.2,292.69 1 1
github.com/couchbase/gocbcorex/httpclient.go:273.82,275.4 1 1
github.com/couchbase/gocbcorex/httpclient.go:276.85,278.18 2 0
github.com/couchbase/gocbcorex/httpclient.go:282.4,283.23 2 0
github.com/couchbase/gocbcorex/httpclient.go:278.18,280.5 1 0
github.com/couchbase/gocbcorex/httpclient.go:292.69,295.22 1 0
github.com/couchbase/gocbcorex/httpclient.go:300.4,302.18 3 0
github.com/couchbase/gocbcorex/httpclient.go:306.4,306.14 1 0
github.com/couchbase/gocbcorex/httpclient.go:295.22,298.5 1 0
github.com/couchbase/gocbcorex/httpclient.go:302.18,304.5 1 0
github.com/couchbase/gocbcorex/httpclient.go:311.95,312.28 1 1
github.com/couchbase/gocbcorex/httpclient.go:315.2,315.42 1 1
github.com/couchbase/gocbcorex/httpclient.go:312.28,314.3 1 1
github.com/couchbase/gocbcorex/httpclient.go:319.67,320.25 1 1
github.com/couchbase/gocbcorex/httpclient.go:323.2,323.50 1 1
github.com/couchbase/gocbcorex/httpclient.go:320.25,322.3 1 0
github.com/couchbase/gocbcorex/kvclientmanager.go:59.29,60.19 1 1
github.com/couchbase/gocbcorex/kvclientmanager.go:63.2,63.17 1 1
github.com/couchbase/gocbcorex/kvclientmanager.go:67.2,77.16 5 1
github.com/couchbase/gocbcorex/kvclientmanager.go:81.2,81.17 1 1
github.com/couchbase/gocbcorex/kvclientmanager.go:60.19,62.3 1 1
github.com/couchbase/gocbcorex/kvclientmanager.go:63.17,65.3 1 0
github.com/couchbase/gocbcorex/kvclientmanager.go:77.16,79.3 1 0
github.com/couchbase/gocbcorex/kvclientmanager.go:84.99,85.36 1 1
github.com/couchbase/gocbcorex/kvclientmanager.go:88.2,88.39 1 1
github.com/couchbase/gocbcorex/kvclientmanager.go:85.36,87.3 1 1
github.com/couchbase/gocbcorex/kvclientmanager.go:91.76,92.19 1 1
github.com/couchbase/gocbcorex/kvclientmanager.go:96.2,100.18 4 1
github.com/couchbase/gocbcorex/kvclientmanager.go:104.2,105.48 2 1
github.com/couchbase/gocbcorex/kvclientmanager.go:109.2,113.55 2 1
github.com/couchbase/gocbcorex/kvclientmanager.go:157.2,159.12 2 1
github.com/couchbase/gocbcorex/kvclientmanager.go:92.19,94.3 1 0
github.com/couchbase/gocbcorex/kvclientmanager.go:100.18,102.3 1 1
github.com/couchbase/gocbcorex/kvclientmanager.go:105.48,107.3 1 1
github.com/couchbase/gocbcorex/kvclientmanager.go:113.55,122.21 4 1
github.com/couchbase/gocbcorex/kvclientmanager.go:132.3,132.18 1 1
github.com/couchbase/gocbcorex/kvclientmanager.go:141.3,144.4 1 1
github.com/couchbase/gocbcorex/kvclientmanager.go:122.21,124.18 2 1
github.com/couchbase/gocbcorex/kvclientmanager.go:129.4,129.30 1 1
github.com/couchbase/gocbcorex/kvclientmanager.go:124.18,126.5 1 0
github.com/couchbase/gocbcorex/kvclientmanager.go:126.10,128.5 1 1
github.com/couchbase/gocbcorex/kvclientmanager.go:132.18,134.18 2 1
github.com/couchbase/gocbcorex/kvclientmanager.go:138.4,138.18 1 1
github.com/couchbase/gocbcorex/kvclientmanager.go:134.18,136.5 1 0
github.com/couchbase/gocbcorex/kvclientmanager.go:162.69,164.18 2 1
github.com/couchbase/gocbcorex/kvclientmanager.go:168.2,168.19 1 1
github.com/couchbase/gocbcorex/kvclientmanager.go:164.18,166.3 1 1
github.com/couchbase/gocbcorex/kvclientmanager.go:171.69,173.16 2 1
github.com/couchbase/gocbcorex/kvclientmanager.go:178.2,178.41 1 1
github.com/couchbase/gocbcorex/kvclientmanager.go:182.2,182.63 1 1
github.com/couchbase/gocbcorex/kvclientmanager.go:173.16,175.3 1 1
github.com/couchbase/gocbcorex/kvclientmanager.go:178.41,180.3 1 1
github.com/couchbase/gocbcorex/kvclientmanager.go:185.78,186.20 1 1
github.com/couchbase/gocbcorex/kvclientmanager.go:190.2,191.16 2 1
github.com/couchbase/gocbcorex/kvclientmanager.go:195.2,196.9 2 1
github.com/couchbase/gocbcorex/kvclientmanager.go:204.2,204.23 1 1
github.com/couchbase/gocbcorex/kvclientmanager.go:186.20,188.3 1 1
github.com/couchbase/gocbcorex/kvclientmanager.go:191.16,193.3 1 1
github.com/couchbase/gocbcorex/kvclientmanager.go:196.9,198.48 2 1
github.com/couchbase/gocbcorex/kvclientmanager.go:201.3,201.99 1 1
github.com/couchbase/gocbcorex/kvclientmanager.go:198.48,200.4 1 1
github.com/couchbase/gocbcorex/kvclientmanager.go:207.65,209.16 2 0
github.com/couchbase/gocbcorex/kvclientmanager.go:213.2,213.45 1 0
github.com/couchbase/gocbcorex/kvclientmanager.go:209.16,211.3 1 0
github.com/couchbase/gocbcorex/kvclientmanager.go:213.45,215.3 1 0
github.com/couchbase/gocbcorex/kvclientmanager.go:218.76,219.20 1 1
github.com/couchbase/gocbcorex/kvclientmanager.go:226.2,227.16 2 1
github.com/couchbase/gocbcorex/kvclientmanager.go:231.2,231.37 1 1
github.com/couchbase/gocbcorex/kvclientmanager.go:219.20,224.3 2 0
github.com/couchbase/gocbcorex/kvclientmanager.go:227.16,229.3 1 0
github.com/couchbase/gocbcorex/kvclientmanager.go:234.82,236.16 2 1
github.com/couchbase/gocbcorex/kvclientmanager.go:240.2,240.36 1 1
github.com/couchbase/gocbcorex/kvclientmanager.go:236.16,238.3 1 1
github.com/couchbase/gocbcorex/kvclientmanager.go:243.93,245.16 2 1
github.com/couchbase/gocbcorex/kvclientmanager.go:249.2,249.36 1 1
github.com/couchbase/gocbcorex/kvclientmanager.go:245.16,247.3 1 1
github.com/couchbase/gocbcorex/kvclientmanager.go:257.18,258.6 1 1
github.com/couchbase/gocbcorex/kvclientmanager.go:258.6,260.17 2 1
github.com/couchbase/gocbcorex/kvclientmanager.go:265.3,266.17 2 1
github.com/couchbase/gocbcorex/kvclientmanager.go:278.3,278.18 1 1
github.com/couchbase/gocbcorex/kvclientmanager.go:260.17,263.4 2 1
github.com/couchbase/gocbcorex/kvclientmanager.go:266.17,268.36 2 1
github.com/couchbase/gocbcorex/kvclientmanager.go:275.4,275.19 1 1
github.com/couchbase/gocbcorex/kvclientmanager.go:268.36,272.13 2 1
github.com/couchbase/gocbcorex/kvclientmanager.go:286.18,287.6 1 1
github.com/couchbase/gocbcorex/kvclientmanager.go:287.6,289.17 2 1
github.com/couchbase/gocbcorex/kvclientmanager.go:294.3,295.17 2 1
github.com/couchbase/gocbcorex/kvclientmanager.go:307.3,307.18 1 1
github.com/couchbase/gocbcorex/kvclientmanager.go:289.17,292.4 2 1
github.com/couchbase/gocbcorex/kvclientmanager.go:295.17,297.36 2 1
github.com/couchbase/gocbcorex/kvclientmanager.go:304.4,304.19 1 1
github.com/couchbase/gocbcorex/kvclientmanager.go:297.36,301.13 2 1
github.com/couchbase/gocbcorex/querystreamer.go:22.108,25.16 3 0
github.com/couchbase/gocbcorex/querystreamer.go:34.2,38.8 1 0
github.com/couchbase/gocbcorex/querystreamer.go:25.16,27.22 2 0
github.com/couchbase/gocbcorex/querystreamer.go:31.3,31.18 1 0
github.com/couchbase/gocbcorex/querystreamer.go:27.22,29.4 1 0
github.com/couchbase/gocbcorex/querystreamer.go:42.42,43.23 1 0
github.com/couchbase/gocbcorex/querystreamer.go:47.2,48.16 2 0
github.com/couchbase/gocbcorex/querystreamer.go:54.2,54.21 1 0
github.com/couchbase/gocbcorex/querystreamer.go:59.2,59.17 1 0
github.com/couchbase/gocbcorex/querystreamer.go:43.23,45.3 1 0
github.com/couchbase/gocbcorex/querystreamer.go:48.16,51.3 2 0
github.com/couchbase/gocbcorex/querystreamer.go:54.21,57.3 2 0
github.com/couchbase/gocbcorex/querystreamer.go:63.37,69.2 4 0
github.com/couchbase/gocbcorex/querystreamer.go:72.67,74.2 1 0
github.com/couchbase/gocbcorex/querystreamer.go:76.46,79.16 2 0
github.com/couchbase/gocbcorex/querystreamer.go:85.2,89.16 3 0
github.com/couchbase/gocbcorex/querystreamer.go:94.2,98.33 4 0
github.com/couchbase/gocbcorex/querystreamer.go:79.16,82.3 2 0
github.com/couchbase/gocbcorex/querystreamer.go:89.16,91.3 1 0
github.com/couchbase/gocbcorex/querystreamer.go:101.52,110.21 4 0
github.com/couchbase/gocbcorex/querystreamer.go:117.2,117.16 1 0
github.com/couchbase/gocbcorex/querystreamer.go:110.21,114.3 1 0
github.com/couchbase/gocbcorex/querystreamer.go:121.39,124.16 2 0
github.com/couchbase/gocbcorex/querystreamer.go:128.2,133.19 4 0
github.com/couchbase/gocbcorex/querystreamer.go:137.2,137.23 1 0
github.com/couchbase/gocbcorex/querystreamer.go:124.16,126.3 1 0
github.com/couchbase/gocbcorex/querystreamer.go:133.19,135.3 1 0
github.com/couchbase/gocbcorex/querystreamer.go:144.47,146.21 2 0
github.com/couchbase/gocbcorex/querystreamer.go:155.2,155.25 1 0
github.com/couchbase/gocbcorex/querystreamer.go:161.2,162.16 2 0
github.com/couchbase/gocbcorex/querystreamer.go:166.2,166.22 1 0
github.com/couchbase/gocbcorex/querystreamer.go:146.21,147.21 1 0
github.com/couchbase/gocbcorex/querystreamer.go:151.3,151.24 1 0
github.com/couchbase/gocbcorex/querystreamer.go:147.21,149.4 1 0
github.com/couchbase/gocbcorex/querystreamer.go:155.26,157.3 0 0
github.com/couchbase/gocbcorex/querystreamer.go:162.16,164.3 1 0
github.com/couchbase/gocbcorex/querystreamer.go:169.52,170.23 1 0
github.com/couchbase/gocbcorex/querystreamer.go:174.2,174.28 1 0
github.com/couchbase/gocbcorex/querystreamer.go:178.2,178.29 1 0
github.com/couchbase/gocbcorex/querystreamer.go:170.23,172.3 1 0
github.com/couchbase/gocbcorex/querystreamer.go:174.28,176.3 1 0
github.com/couchbase/gocbcorex/vbucketrouter.go:37.66,38.17 1 1
github.com/couchbase/gocbcorex/vbucketrouter.go:42.2,46.12 2 1
github.com/couchbase/gocbcorex/vbucketrouter.go:38.17,40.3 1 1
github.com/couchbase/gocbcorex/vbucketrouter.go:49.71,51.2 1 1
github.com/couchbase/gocbcorex/vbucketrouter.go:53.73,55.20 2 1
github.com/couchbase/gocbcorex/vbucketrouter.go:59.2,59.21 1 1
github.com/couchbase/gocbcorex/vbucketrouter.go:55.20,57.3 1 0
github.com/couchbase/gocbcorex/vbucketrouter.go:62.77,64.16 2 1
github.com/couchbase/gocbcorex/vbucketrouter.go:68.2,70.16 3 1
github.com/couchbase/gocbcorex/vbucketrouter.go:74.2,74.44 1 1
github.com/couchbase/gocbcorex/vbucketrouter.go:80.2,80.40 1 1
github.com/couchbase/gocbcorex/vbucketrouter.go:64.16,66.3 1 0
github.com/couchbase/gocbcorex/vbucketrouter.go:70.16,72.3 1 0
github.com/couchbase/gocbcorex/vbucketrouter.go:74.44,78.3 1 0
github.com/couchbase/gocbcorex/vbucketrouter.go:83.74,85.16 2 0
github.com/couchbase/gocbcorex/vbucketrouter.go:89.2,90.16 2 0
github.com/couchbase/gocbcorex/vbucketrouter.go:94.2,94.44 1 0
github.com/couchbase/gocbcorex/vbucketrouter.go:100.2,100.34 1 0
github.com/couchbase/gocbcorex/vbucketrouter.go:85.16,87.3 1 0
github.com/couchbase/gocbcorex/vbucketrouter.go:90.16,92.3 1 0
github.com/couchbase/gocbcorex/vbucketrouter.go:94.44,98.3 1 0
github.com/couchbase/gocbcorex/vbucketrouter.go:109.18,111.16 2 1
github.com/couchbase/gocbcorex/vbucketrouter.go:116.2,116.6 1 1
github.com/couchbase/gocbcorex/vbucketrouter.go:111.16,114.3 2 1
github.com/couchbase/gocbcorex/vbucketrouter.go:116.6,119.17 2 1
github.com/couchbase/gocbcorex/vbucketrouter.go:160.3,160.18 1 1
github.com/couchbase/gocbcorex/vbucketrouter.go:119.17,120.45 1 1
github.com/couchbase/gocbcorex/vbucketrouter.go:157.4,157.19 1 1
github.com/couchbase/gocbcorex/vbucketrouter.go:120.45,122.33 2 1
github.com/couchbase/gocbcorex/vbucketrouter.go:129.5,130.24 2 1
github.com/couchbase/gocbcorex/vbucketrouter.go:137.5,140.19 3 1
github.com/couchbase/gocbcorex/vbucketrouter.go:145.5,145.51 1 1
github.com/couchbase/gocbcorex/vbucketrouter.go:152.5,154.13 3 1
github.com/couchbase/gocbcorex/vbucketrouter.go:122.33,127.6 1 0
github.com/couchbase/gocbcorex/vbucketrouter.go:130.24,135.6 1 0
github.com/couchbase/gocbcorex/vbucketrouter.go:140.19,143.6 2 0
github.com/couchbase/gocbcorex/vbucketrouter.go:145.51,150.6 1 0
github.com/couchbase/gocbcorex/agent.go:44.74,46.42 2 1
github.com/couchbase/gocbcorex/agent.go:56.2,75.44 4 1
github.com/couchbase/gocbcorex/agent.go:86.2,92.16 2 1
github.com/couchbase/gocbcorex/agent.go:95.2,101.16 3 1
github.com/couchbase/gocbcorex/agent.go:104.2,109.16 2 1
github.com/couchbase/gocbcorex/agent.go:112.2,146.16 8 1
github.com/couchbase/gocbcorex/agent.go:150.2,164.19 3 1
github.com/couchbase/gocbcorex/agent.go:46.42,47.28 1 1
github.com/couchbase/gocbcorex/agent.go:47.28,50.4 2 1
github.com/couchbase/gocbcorex/agent.go:50.9,53.4 2 0
github.com/couchbase/gocbcorex/agent.go:75.44,85.3 2 1
github.com/couchbase/gocbcorex/agent.go:92.16,94.3 1 0
github.com/couchbase/gocbcorex/agent.go:101.16,103.3 1 0
github.com/couchbase/gocbcorex/agent.go:109.16,111.3 1 0
github.com/couchbase/gocbcorex/agent.go:146.16,148.3 1 0
github.com/couchbase/gocbcorex/agent.go:167.70,171.30 3 0
github.com/couchbase/gocbcorex/agent.go:177.2,183.12 6 0
github.com/couchbase/gocbcorex/agent.go:171.30,172.44 1 0
github.com/couchbase/gocbcorex/agent.go:172.44,174.4 1 0
github.com/couchbase/gocbcorex/agent.go:186.56,191.2 4 1
github.com/couchbase/gocbcorex/agent.go:193.41,206.67 8 1
github.com/couchbase/gocbcorex/agent.go:210.2,210.34 1 1
github.com/couchbase/gocbcorex/agent.go:230.2,231.38 2 1
github.com/couchbase/gocbcorex/agent.go:249.2,250.36 2 1
github.com/couchbase/gocbcorex/agent.go:255.2,255.42 1 1
github.com/couchbase/gocbcorex/agent.go:261.2,283.4 4 1
github.com/couchbase/gocbcorex/agent.go:206.67,208.3 1 1
github.com/couchbase/gocbcorex/agent.go:210.34,216.62 5 1
github.com/couchbase/gocbcorex/agent.go:216.62,218.4 1 1
github.com/couchbase/gocbcorex/agent.go:219.8,225.62 5 0
github.com/couchbase/gocbcorex/agent.go:225.62,227.4 1 0
github.com/couchbase/gocbcorex/agent.go:231.38,240.3 2 1
github.com/couchbase/gocbcorex/agent.go:250.36,251.59 1 0
github.com/couchbase/gocbcorex/agent.go:251.59,253.4 1 0
github.com/couchbase/gocbcorex/agent.go:255.42,256.36 1 1
github.com/couchbase/gocbcorex/agent.go:256.36,258.4 1 1
github.com/couchbase/gocbcorex/agent.go:286.67,288.16 2 1
github.com/couchbase/gocbcorex/agent.go:292.2,293.9 2 1
github.com/couchbase/gocbcorex/agent.go:300.2,302.12 2 1
github.com/couchbase/gocbcorex/agent.go:308.2,308.12 1 1
github.com/couchbase/gocbcorex/agent.go:288.16,290.3 1 0
github.com/couchbase/gocbcorex/agent.go:294.28,295.23 1 1
github.com/couchbase/gocbcorex/agent.go:296.20,297.19 1 0
github.com/couchbase/gocbcorex/agent.go:302.12,303.32 1 1
github.com/couchbase/gocbcorex/agent.go:303.32,305.4 1 0
github.com/couchbase/gocbcorex/agent.go:317.71,319.2 1 1
github.com/couchbase/gocbcorex/errors.go:14.43,16.2 1 0
github.com/couchbase/gocbcorex/errors.go:23.35,25.2 1 0
github.com/couchbase/gocbcorex/errors.go:32.49,34.2 1 0
github.com/couchbase/gocbcorex/errors.go:41.53,43.2 1 0
github.com/couchbase/gocbcorex/errors.go:45.53,47.2 1 1
github.com/couchbase/gocbcorex/errors.go:53.44,55.2 1 0
github.com/couchbase/gocbcorex/errors.go:57.44,59.2 1 1
github.com/couchbase/gocbcorex/errors.go:66.46,67.25 1 1
github.com/couchbase/gocbcorex/errors.go:67.25,69.3 1 1
github.com/couchbase/gocbcorex/errors.go:69.8,71.3 1 0
github.com/couchbase/gocbcorex/errors.go:74.46,76.2 1 1
github.com/couchbase/gocbcorex/errors.go:82.43,84.2 1 0
github.com/couchbase/gocbcorex/errors.go:93.45,95.2 1 0
github.com/couchbase/gocbcorex/errors.go:97.45,99.2 1 0
github.com/couchbase/gocbcorex/errors.go:108.45,110.2 1 0
github.com/couchbase/gocbcorex/errors.go:112.45,114.2 1 0
github.com/couchbase/gocbcorex/errors.go:122.47,124.2 1 0
github.com/couchbase/gocbcorex/errors.go:126.47,128.2 1 0
github.com/couchbase/gocbcorex/logutils.go:5.50,6.19 1 1
github.com/couchbase/gocbcorex/logutils.go:9.2,9.15 1 1
github.com/couchbase/gocbcorex/logutils.go:6.19,8.3 1 1
github.com/couchbase/gocbcorex/rowstreamer.go:25.80,35.41 3 0
github.com/couchbase/gocbcorex/rowstreamer.go:39.2,39.22 1 0
github.com/couchbase/gocbcorex/rowstreamer.go:35.41,37.3 1 0
github.com/couchbase/gocbcorex/rowstreamer.go:42.37,43.36 1 0
github.com/couchbase/gocbcorex/rowstreamer.go:48.2,49.16 2 0
github.com/couchbase/gocbcorex/rowstreamer.go:52.2,52.54 1 0
github.com/couchbase/gocbcorex/rowstreamer.go:56.2,56.6 1 0
github.com/couchbase/gocbcorex/rowstreamer.go:103.2,103.12 1 0
github.com/couchbase/gocbcorex/rowstreamer.go:43.36,45.3 1 0
github.com/couchbase/gocbcorex/rowstreamer.go:49.16,51.3 1 0
github.com/couchbase/gocbcorex/rowstreamer.go:52.54,54.3 1 0
github.com/couchbase/gocbcorex/rowstreamer.go:56.6,57.24 1 0
github.com/couchbase/gocbcorex/rowstreamer.go:64.3,65.17 2 0
github.com/couchbase/gocbcorex/rowstreamer.go:68.3,69.13 2 0
github.com/couchbase/gocbcorex/rowstreamer.go:73.3,73.26 1 0
github.com/couchbase/gocbcorex/rowstreamer.go:93.3,95.17 3 0
github.com/couchbase/gocbcorex/rowstreamer.go:100.3,100.25 1 0
github.com/couchbase/gocbcorex/rowstreamer.go:57.24,60.9 2 0
github.com/couchbase/gocbcorex/rowstreamer.go:65.17,67.4 1 0
github.com/couchbase/gocbcorex/rowstreamer.go:69.13,71.4 1 0
github.com/couchbase/gocbcorex/rowstreamer.go:73.26,76.18 2 0
github.com/couchbase/gocbcorex/rowstreamer.go:80.4,80.16 1 0
github.com/couchbase/gocbcorex/rowstreamer.go:84.4,84.56 1 0
github.com/couchbase/gocbcorex/rowstreamer.go:88.4,89.9 2 0
github.com/couchbase/gocbcorex/rowstreamer.go:76.18,78.5 1 0
github.com/couchbase/gocbcorex/rowstreamer.go:80.16,81.13 1 0
github.com/couchbase/gocbcorex/rowstreamer.go:84.56,86.5 1 0
github.com/couchbase/gocbcorex/rowstreamer.go:95.17,97.4 1 0
github.com/couchbase/gocbcorex/rowstreamer.go:106.58,107.34 1 0
github.com/couchbase/gocbcorex/rowstreamer.go:112.2,112.34 1 0
github.com/couchbase/gocbcorex/rowstreamer.go:118.2,118.23 1 0
github.com/couchbase/gocbcorex/rowstreamer.go:124.2,126.16 3 0
github.com/couchbase/gocbcorex/rowstreamer.go:130.2,130.17 1 0
github.com/couchbase/gocbcorex/rowstreamer.go:107.34,109.3 1 0
github.com/couchbase/gocbcorex/rowstreamer.go:112.34,114.3 1 0
github.com/couchbase/gocbcorex/rowstreamer.go:118.23,121.3 2 0
github.com/couchbase/gocbcorex/rowstreamer.go:126.16,128.3 1 0
github.com/couchbase/gocbcorex/rowstreamer.go:133.35,134.38 1 0
github.com/couchbase/gocbcorex/rowstreamer.go:139.2,139.38 1 0
github.com/couchbase/gocbcorex/rowstreamer.go:144.2,145.16 2 0
github.com/couchbase/gocbcorex/rowstreamer.go:148.2,148.54 1 0
github.com/couchbase/gocbcorex/rowstreamer.go:152.2,152.6 1 0
github.com/couchbase/gocbcorex/rowstreamer.go:181.2,181.12 1 0
github.com/couchbase/gocbcorex/rowstreamer.go:134.38,136.3 1 0
github.com/couchbase/gocbcorex/rowstreamer.go:139.38,141.3 1 0
github.com/couchbase/gocbcorex/rowstreamer.go:145.16,147.3 1 0
github.com/couchbase/gocbcorex/rowstreamer.go:148.54,150.3 1 0
github.com/couchbase/gocbcorex/rowstreamer.go:152.6,153.24 1 0
github.com/couchbase/gocbcorex/rowstreamer.go:160.3,161.17 2 0
github.com/couchbase/gocbcorex/rowstreamer.go:165.3,166.13 2 0
github.com/couchbase/gocbcorex/rowstreamer.go:171.3,173.17 3 0
github.com/couchbase/gocbcorex/rowstreamer.go:178.3,178.25 1 0
github.com/couchbase/gocbcorex/rowstreamer.go:153.24,156.9 2 0
github.com/couchbase/gocbcorex/rowstreamer.go:161.17,163.4 1 0
github.com/couchbase/gocbcorex/rowstreamer.go:166.13,168.4 1 0
github.com/couchbase/gocbcorex/rowstreamer.go:173.17,175.4 1 0
github.com/couchbase/gocbcorex/rowstreamer.go:184.63,186.2 1 0
github.com/couchbase/gocbcorex/rowstreamer.go:188.59,190.6 1 0
github.com/couchbase/gocbcorex/rowstreamer.go:202.2,203.16 2 0
github.com/couchbase/gocbcorex/rowstreamer.go:208.2,209.16 2 0
github.com/couchbase/gocbcorex/rowstreamer.go:213.2,213.40 1 0
github.com/couchbase/gocbcorex/rowstreamer.go:190.6,192.17 2 0
github.com/couchbase/gocbcorex/rowstreamer.go:196.3,196.17 1 0
github.com/couchbase/gocbcorex/rowstreamer.go:192.17,194.4 1 0
github.com/couchbase/gocbcorex/rowstreamer.go:196.17,197.9 1 0
github.com/couchbase/gocbcorex/rowstreamer.go:203.16,205.3 1 0
github.com/couchbase/gocbcorex/rowstreamer.go:209.16,211.3 1 0
github.com/couchbase/gocbcorex/rowstreamer.go:216.63,218.9 2 0
github.com/couchbase/gocbcorex/rowstreamer.go:222.2,222.12 1 0
github.com/couchbase/gocbcorex/rowstreamer.go:218.9,220.3 1 0
github.com/couchbase/gocbcorex/agent_ops.go:5.93,7.2 1 1
github.com/couchbase/gocbcorex/agent_ops.go:9.84,11.2 1 1
github.com/couchbase/gocbcorex/agent_ops.go:13.93,15.2 1 1
github.com/couchbase/gocbcorex/agent_ops.go:17.99,19.2 1 1
github.com/couchbase/gocbcorex/collectionresolver_cached.go:62.108,63.17 1 1
github.com/couchbase/gocbcorex/collectionresolver_cached.go:67.2,67.26 1 1
github.com/couchbase/gocbcorex/collectionresolver_cached.go:70.2,70.30 1 1
github.com/couchbase/gocbcorex/collectionresolver_cached.go:74.2,80.8 1 1
github.com/couchbase/gocbcorex/collectionresolver_cached.go:63.17,65.3 1 0
github.com/couchbase/gocbcorex/collectionresolver_cached.go:67.26,69.3 1 0
github.com/couchbase/gocbcorex/collectionresolver_cached.go:70.30,72.3 1 0
github.com/couchbase/gocbcorex/collectionresolver_cached.go:83.62,88.45 2 1
github.com/couchbase/gocbcorex/collectionresolver_cached.go:97.2,97.30 1 1
github.com/couchbase/gocbcorex/collectionresolver_cached.go:88.45,89.29 1 1
github.com/couchbase/gocbcorex/collectionresolver_cached.go:89.29,94.4 1 0
github.com/couchbase/gocbcorex/collectionresolver_cached.go:102.56,106.22 3 1
github.com/couchbase/gocbcorex/collectionresolver_cached.go:113.2,113.67 1 1
github.com/couchbase/gocbcorex/collectionresolver_cached.go:106.22,108.15 2 1
github.com/couchbase/gocbcorex/collectionresolver_cached.go:108.15,110.4 1 1
github.com/couchbase/gocbcorex/collectionresolver_cached.go:120.3,126.12 2 1
github.com/couchbase/gocbcorex/collectionresolver_cached.go:134.2,134.6 1 1
github.com/couchbase/gocbcorex/collectionresolver_cached.go:126.12,127.10 1 1
github.com/couchbase/gocbcorex/collectionresolver_cached.go:128.20,129.14 1 0
github.com/couchbase/gocbcorex/collectionresolver_cached.go:130.27,130.27 0 1
github.com/couchbase/gocbcorex/collectionresolver_cached.go:134.6,137.29 1 1
github.com/couchbase/gocbcorex/collectionresolver_cached.go:150.3,153.17 3 1
github.com/couchbase/gocbcorex/collectionresolver_cached.go:171.3,185.23 10 1
github.com/couchbase/gocbcorex/collectionresolver_cached.go:188.3,188.20 1 1
github.com/couchbase/gocbcorex/collectionresolver_cached.go:192.3,192.8 1 1
github.com/couchbase/gocbcorex/collectionresolver_cached.go:137.29,148.4 6 1
github.com/couchbase/gocbcorex/collectionresolver_cached.go:153.17,164.24 7 1
github.com/couchbase/gocbcorex/collectionresolver_cached.go:168.4,168.12 1 1
github.com/couchbase/gocbcorex/collectionresolver_cached.go:164.24,166.5 1 1
github.com/couchbase/gocbcorex/collectionresolver_cached.go:185.23,187.4 1 1
github.com/couchbase/gocbcorex/collectionresolver_cached.go:188.20,190.4 1 1
github.com/couchbase/gocbcorex/collectionresolver_cached.go:198.56,204.19 4 1
github.com/couchbase/gocbcorex/collectionresolver_cached.go:215.2,215.32 1 1
github.com/couchbase/gocbcorex/collectionresolver_cached.go:234.2,234.33 1 1
github.com/couchbase/gocbcorex/collectionresolver_cached.go:241.2,245.39 4 1
github.com/couchbase/gocbcorex/collectionresolver_cached.go:204.19,213.3 3 1
github.com/couchbase/gocbcorex/collectionresolver_cached.go:215.32,220.10 3 1
github.com/couchbase/gocbcorex/collectionresolver_cached.go:231.3,231.68 1 1
github.com/couchbase/gocbcorex/collectionresolver_cached.go:221.20,221.20 0 1
github.com/couchbase/gocbcorex/collectionresolver_cached.go:222.21,224.51 2 1
github.com/couchbase/gocbcorex/collectionresolver_cached.go:224.51,226.5 1 1
github.com/couchbase/gocbcorex/collectionresolver_cached.go:226.10,228.5 1 1
github.com/couchbase/gocbcorex/collectionresolver_cached.go:234.33,239.3 3 1
github.com/couchbase/gocbcorex/collectionresolver_cached.go:253.3,262.15 5 1
github.com/couchbase/gocbcorex/collectionresolver_cached.go:268.2,268.29 1 1
github.com/couchbase/gocbcorex/collectionresolver_cached.go:274.2,274.53 1 1
github.com/couchbase/gocbcorex/collectionresolver_cached.go:281.2,285.32 4 1
github.com/couchbase/gocbcorex/collectionresolver_cached.go:289.2,289.29 1 1
github.com/couchbase/gocbcorex/collectionresolver_cached.go:295.2,296.22 2 1
github.com/couchbase/gocbcorex/collectionresolver_cached.go:262.15,266.3 2 0
github.com/couchbase/gocbcorex/collectionresolver_cached.go:268.29,272.3 2 0
github.com/couchbase/gocbcorex/collectionresolver_cached.go:274.53,278.3 2 1
github.com/couchbase/gocbcorex/collectionresolver_cached.go:285.32,287.3 1 1
github.com/couchbase/gocbcorex/collectionresolver_cached.go:289.29,293.3 2 1
github.com/couchbase/gocbcorex/collectionresolver_cached.go:299.45,309.36 7 0
github.com/couchbase/gocbcorex/collectionresolver_cached.go:315.2,323.44 4 0
github.com/couchbase/gocbcorex/collectionresolver_cached.go:309.36,310.33 1 0
github.com/couchbase/gocbcorex/collectionresolver_cached.go:310.33,312.4 1 0
github.com/couchbase/gocbcorex/collectionresolver_cached.go:323.44,325.3 1 0
github.com/couchbase/gocbcorex/configmanager_route.go:26.70,27.17 1 1
github.com/couchbase/gocbcorex/configmanager_route.go:31.2,35.12 2 1
github.com/couchbase/gocbcorex/configmanager_route.go:27.17,29.3 1 1
github.com/couchbase/gocbcorex/configmanager_route.go:38.76,44.29 4 1
github.com/couchbase/gocbcorex/configmanager_route.go:44.29,46.3 1 0
github.com/couchbase/gocbcorex/configmanager_route.go:49.78,53.86 3 0
github.com/couchbase/gocbcorex/configmanager_route.go:54.2,54.22 1 0
github.com/couchbase/gocbcorex/configmanager_route.go:58.2,59.51 2 0
github.com/couchbase/gocbcorex/configmanager_route.go:53.86,53.116 1 0
github.com/couchbase/gocbcorex/configmanager_route.go:54.22,56.3 1 0
github.com/couchbase/gocbcorex/configmanager_route.go:62.97,69.26 5 1
github.com/couchbase/gocbcorex/configmanager_route.go:73.2,73.22 1 1
github.com/couchbase/gocbcorex/configmanager_route.go:114.2,115.39 2 1
github.com/couchbase/gocbcorex/configmanager_route.go:69.26,71.3 1 1
github.com/couchbase/gocbcorex/configmanager_route.go:73.22,77.77 1 1
github.com/couchbase/gocbcorex/configmanager_route.go:98.3,98.45 1 1
github.com/couchbase/gocbcorex/configmanager_route.go:77.77,78.60 1 0
github.com/couchbase/gocbcorex/configmanager_route.go:85.4,85.96 1 0
github.com/couchbase/gocbcorex/configmanager_route.go:78.60,83.5 2 0
github.com/couchbase/gocbcorex/configmanager_route.go:85.96,90.5 2 0
github.com/couchbase/gocbcorex/configmanager_route.go:98.45,100.4 1 1
github.com/couchbase/gocbcorex/configmanager_route.go:100.9,100.38 1 1
github.com/couchbase/gocbcorex/configmanager_route.go:100.38,102.4 1 0
github.com/couchbase/gocbcorex/configmanager_route.go:102.9,104.17 2 1
github.com/couchbase/gocbcorex/configmanager_route.go:104.17,107.5 2 1
github.com/couchbase/gocbcorex/configmanager_route.go:107.10,107.25 1 1
github.com/couchbase/gocbcorex/configmanager_route.go:107.25,110.5 2 0
github.com/couchbase/gocbcorex/configmanager_route.go:115.39,117.3 1 1
github.com/couchbase/gocbcorex/configmanager_route.go:120.110,134.25 2 1
github.com/couchbase/gocbcorex/configmanager_route.go:147.2,148.36 2 1
github.com/couchbase/gocbcorex/configmanager_route.go:232.2,253.33 2 1
github.com/couchbase/gocbcorex/configmanager_route.go:268.2,268.11 1 1
github.com/couchbase/gocbcorex/configmanager_route.go:137.17,138.29 1 1
github.com/couchbase/gocbcorex/configmanager_route.go:139.10,140.21 1 1
github.com/couchbase/gocbcorex/configmanager_route.go:140.21,142.4 1 1
github.com/couchbase/gocbcorex/configmanager_route.go:142.9,144.4 1 1
github.com/couchbase/gocbcorex/configmanager_route.go:148.36,167.31 4 1
github.com/couchbase/gocbcorex/configmanager_route.go:174.3,174.29 1 1
github.com/couchbase/gocbcorex/configmanager_route.go:177.3,177.29 1 1
github.com/couchbase/gocbcorex/configmanager_route.go:180.3,180.29 1 1
github.com/couchbase/gocbcorex/configmanager_route.go:183.3,183.28 1 1
github.com/couchbase/gocbcorex/configmanager_route.go:186.3,186.29 1 1
github.com/couchbase/gocbcorex/configmanager_route.go:189.3,189.33 1 1
github.com/couchbase/gocbcorex/configmanager_route.go:192.3,192.28 1 1
github.com/couchbase/gocbcorex/configmanager_route.go:195.3,195.31 1 1
github.com/couchbase/gocbcorex/configmanager_route.go:199.3,199.34 1 1
github.com/couchbase/gocbcorex/configmanager_route.go:206.3,206.32 1 1
github.com/couchbase/gocbcorex/configmanager_route.go:209.3,209.32 1 1
github.com/couchbase/gocbcorex/configmanager_route.go:212.3,212.32 1 1
github.com/couchbase/gocbcorex/configmanager_route.go:215.3,215.31 1 1
github.com/couchbase/gocbcorex/configmanager_route.go:218.3,218.32 1 1
github.com/couchbase/gocbcorex/configmanager_route.go:221.3,221.36 1 1
github.com/couchbase/gocbcorex/configmanager_route.go:224.3,224.31 1 1
github.com/couchbase/gocbcorex/configmanager_route.go:227.3,227.34 1 1
github.com/couchbase/gocbcorex/configmanager_route.go:167.31,168.49 1 1
github.com/couchbase/gocbcorex/configmanager_route.go:168.50,170.5 0 0
github.com/couchbase/gocbcorex/configmanager_route.go:170.10,172.5 1 1
github.com/couchbase/gocbcorex/configmanager_route.go:174.29,176.4 1 1
github.com/couchbase/gocbcorex/configmanager_route.go:177.29,179.4 1 1
github.com/couchbase/gocbcorex/configmanager_route.go:180.29,182.4 1 1
github.com/couchbase/gocbcorex/configmanager_route.go:183.28,185.4 1 1
github.com/couchbase/gocbcorex/configmanager_route.go:186.29,188.4 1 0
github.com/couchbase/gocbcorex/configmanager_route.go:189.33,191.4 1 0
github.com/couchbase/gocbcorex/configmanager_route.go:192.28,194.4 1 1
github.com/couchbase/gocbcorex/configmanager_route.go:195.31,197.4 1 0
github.com/couchbase/gocbcorex/configmanager_route.go:199.34,200.49 1 1
github.com/couchbase/gocbcorex/configmanager_route.go:200.50,202.5 0 0
github.com/couchbase/gocbcorex/configmanager_route.go:202.10,204.5 1 1
github.com/couchbase/gocbcorex/configmanager_route.go:206.32,208.4 1 1
github.com/couchbase/gocbcorex/configmanager_route.go:209.32,211.4 1 1
github.com/couchbase/gocbcorex/configmanager_route.go:212.32,214.4 1 1
github.com/couchbase/gocbcorex/configmanager_route.go:215.31,217.4 1 1
github.com/couchbase/gocbcorex/configmanager_route.go:218.32,220.4 1 0
github.com/couchbase/gocbcorex/configmanager_route.go:221.36,223.4 1 0
github.com/couchbase/gocbcorex/configmanager_route.go:224.31,226.4 1 1
github.com/couchbase/gocbcorex/configmanager_route.go:227.34,229.4 1 0
github.com/couchbase/gocbcorex/configmanager_route.go:253.33,257.3 3 1
github.com/couchbase/gocbcorex/configmanager_route.go:271.58,273.20 1 1
github.com/couchbase/gocbcorex/configmanager_route.go:284.2,284.17 1 1
github.com/couchbase/gocbcorex/configmanager_route.go:273.20,276.3 1 0
github.com/couchbase/gocbcorex/configmanager_route.go:276.8,279.38 1 1
github.com/couchbase/gocbcorex/configmanager_route.go:279.38,281.4 1 0
github.com/couchbase/gocbcorex/configmanager_route.go:308.75,311.24 2 1
github.com/couchbase/gocbcorex/configmanager_route.go:314.2,314.26 1 1
github.com/couchbase/gocbcorex/configmanager_route.go:317.2,317.26 1 1
github.com/couchbase/gocbcorex/configmanager_route.go:320.2,320.26 1 1
github.com/couchbase/gocbcorex/configmanager_route.go:323.2,323.25 1 1
github.com/couchbase/gocbcorex/configmanager_route.go:326.2,326.26 1 1
github.com/couchbase/gocbcorex/configmanager_route.go:329.2,329.30 1 1
github.com/couchbase/gocbcorex/configmanager_route.go:332.2,332.29 1 1
github.com/couchbase/gocbcorex/configmanager_route.go:335.2,335.28 1 1
github.com/couchbase/gocbcorex/configmanager_route.go:339.2,339.21 1 1
github.com/couchbase/gocbcorex/configmanager_route.go:342.2,342.23 1 1
github.com/couchbase/gocbcorex/configmanager_route.go:345.2,345.23 1 1
github.com/couchbase/gocbcorex/configmanager_route.go:348.2,348.23 1 1
github.com/couchbase/gocbcorex/configmanager_route.go:351.2,351.22 1 1
github.com/couchbase/gocbcorex/configmanager_route.go:354.2,354.23 1 1
github.com/couchbase/gocbcorex/configmanager_route.go:357.2,357.27 1 1
github.com/couchbase/gocbcorex/configmanager_route.go:360.2,360.28 1 1
github.com/couchbase/gocbcorex/configmanager_route.go:363.2,363.25 1 1
github.com/couchbase/gocbcorex/configmanager_route.go:366.2,366.14 1 1
github.com/couchbase/gocbcorex/configmanager_route.go:311.24,313.3 1 1
github.com/couchbase/gocbcorex/configmanager_route.go:314.26,316.3 1 1
github.com/couchbase/gocbcorex/configmanager_route.go:317.26,319.3 1 1
github.com/couchbase/gocbcorex/configmanager_route.go:320.26,322.3 1 1
github.com/couchbase/gocbcorex/configmanager_route.go:323.25,325.3 1 1
github.com/couchbase/gocbcorex/configmanager_route.go:326.26,328.3 1 0
github.com/couchbase/gocbcorex/configmanager_route.go:329.30,331.3 1 0
github.com/couchbase/gocbcorex/configmanager_route.go:332.29,334.3 1 1
github.com/couchbase/gocbcorex/configmanager_route.go:335.28,337.3 1 0
github.com/couchbase/gocbcorex/configmanager_route.go:339.21,341.3 1 1
github.com/couchbase/gocbcorex/configmanager_route.go:342.23,344.3 1 1
github.com/couchbase/gocbcorex/configmanager_route.go:345.23,347.3 1 1
github.com/couchbase/gocbcorex/configmanager_route.go:348.23,350.3 1 1
github.com/couchbase/gocbcorex/configmanager_route.go:351.22,353.3 1 1
github.com/couchbase/gocbcorex/configmanager_route.go:354.23,356.3 1 0
github.com/couchbase/gocbcorex/configmanager_route.go:357.27,359.3 1 0
github.com/couchbase/gocbcorex/configmanager_route.go:360.28,362.3 1 1
github.com/couchbase/gocbcorex/configmanager_route.go:363.25,365.3 1 0
github.com/couchbase/gocbcorex/kvclient.go:27.56,33.2 1 1
github.com/couchbase/gocbcorex/kvclient.go:72.80,110.48 4 1
github.com/couchbase/gocbcorex/kvclient.go:120.2,120.31 1 1
github.com/couchbase/gocbcorex/kvclient.go:126.2,130.32 2 1
github.com/couchbase/gocbcorex/kvclient.go:151.2,151.19 1 1
github.com/couchbase/gocbcorex/kvclient.go:110.48,118.3 1 1
github.com/couchbase/gocbcorex/kvclient.go:120.31,124.3 1 1
github.com/couchbase/gocbcorex/kvclient.go:130.32,132.17 2 1
github.com/couchbase/gocbcorex/kvclient.go:136.3,139.17 3 1
github.com/couchbase/gocbcorex/kvclient.go:143.3,146.54 2 1
github.com/couchbase/gocbcorex/kvclient.go:132.17,134.4 1 0
github.com/couchbase/gocbcorex/kvclient.go:139.17,141.4 1 0
github.com/couchbase/gocbcorex/kvclient.go:147.8,149.3 1 1
github.com/couchbase/gocbcorex/kvclient.go:154.81,155.17 1 1
github.com/couchbase/gocbcorex/kvclient.go:159.2,159.35 1 1
github.com/couchbase/gocbcorex/kvclient.go:162.2,162.32 1 1
github.com/couchbase/gocbcorex/kvclient.go:165.2,165.33 1 1
github.com/couchbase/gocbcorex/kvclient.go:168.2,168.33 1 1
github.com/couchbase/gocbcorex/kvclient.go:172.2,172.31 1 1
github.com/couchbase/gocbcorex/kvclient.go:184.2,184.12 1 1
github.com/couchbase/gocbcorex/kvclient.go:155.17,157.3 1 0
github.com/couchbase/gocbcorex/kvclient.go:159.35,161.3 1 1
github.com/couchbase/gocbcorex/kvclient.go:162.32,164.3 1 0
github.com/couchbase/gocbcorex/kvclient.go:165.33,167.3 1 0
github.com/couchbase/gocbcorex/kvclient.go:168.33,170.3 1 0
github.com/couchbase/gocbcorex/kvclient.go:172.31,173.21 1 1
github.com/couchbase/gocbcorex/kvclient.go:177.3,180.18 2 1
github.com/couchbase/gocbcorex/kvclient.go:173.21,175.4 1 1
github.com/couchbase/gocbcorex/kvclient.go:180.18,182.4 1 0
github.com/couchbase/gocbcorex/kvclient.go:187.61,189.2 1 1
github.com/couchbase/gocbcorex/kvclient.go:191.34,193.2 1 1
github.com/couchbase/gocbcorex/kvclient.go:195.41,197.2 1 0
github.com/couchbase/gocbcorex/kvclient_ops.go:15.47,17.2 1 0
github.com/couchbase/gocbcorex/kvclient_ops.go:19.47,21.2 1 0
github.com/couchbase/gocbcorex/kvclient_ops.go:34.48,36.21 2 1
github.com/couchbase/gocbcorex/kvclient_ops.go:41.2,41.37 1 1
github.com/couchbase/gocbcorex/kvclient_ops.go:36.21,40.3 1 1
github.com/couchbase/gocbcorex/kvclient_ops.go:43.51,45.2 1 1
github.com/couchbase/gocbcorex/kvclient_ops.go:53.18,56.70 2 1
github.com/couchbase/gocbcorex/kvclient_ops.go:62.2,62.16 1 1
github.com/couchbase/gocbcorex/kvclient_ops.go:68.2,68.9 1 1
github.com/couchbase/gocbcorex/kvclient_ops.go:56.70,61.3 1 1
github.com/couchbase/gocbcorex/kvclient_ops.go:62.16,66.3 3 1
github.com/couchbase/gocbcorex/kvclient_ops.go:69.28,71.37 2 1
github.com/couchbase/gocbcorex/kvclient_ops.go:72.20,73.26 1 0
github.com/couchbase/gocbcorex/kvclient_ops.go:76.3,78.30 3 0
github.com/couchbase/gocbcorex/kvclient_ops.go:73.26,75.4 1 0
github.com/couchbase/gocbcorex/kvclient_ops.go:87.18,89.2 1 0
github.com/couchbase/gocbcorex/kvclient_ops.go:96.18,100.2 1 1
github.com/couchbase/gocbcorex/kvclient_ops.go:107.18,112.2 1 1
github.com/couchbase/gocbcorex/kvclient_ops.go:114.113,118.2 1 1
github.com/couchbase/gocbcorex/kvclient_ops.go:120.110,122.2 1 0
github.com/couchbase/gocbcorex/kvclient_ops.go:124.92,127.77 2 1
github.com/couchbase/gocbcorex/kvclient_ops.go:132.2,132.16 1 1
github.com/couchbase/gocbcorex/kvclient_ops.go:136.2,136.9 1 1
github.com/couchbase/gocbcorex/kvclient_ops.go:127.77,131.3 1 1
github.com/couchbase/gocbcorex/kvclient_ops.go:132.16,134.3 1 0
github.com/couchbase/gocbcorex/kvclient_ops.go:137.28,139.17 2 1
github.com/couchbase/gocbcorex/kvclient_ops.go:140.20,141.26 1 0
github.com/couchbase/gocbcorex/kvclient_ops.go:144.3,145.19 2 0
github.com/couchbase/gocbcorex/kvclient_ops.go:141.26,143.4 1 0
github.com/couchbase/gocbcorex/kvclient_ops.go:149.132,151.2 1 1
github.com/couchbase/gocbcorex/kvclient_ops.go:153.96,155.2 1 1
github.com/couchbase/gocbcorex/kvclient_ops.go:157.96,159.2 1 1
github.com/couchbase/gocbcorex/kvclient_ops.go:161.105,163.2 1 1
github.com/couchbase/gocbcorex/retrymanager.go:21.18,24.6 3 1
github.com/couchbase/gocbcorex/retrymanager.go:24.6,26.17 2 1
github.com/couchbase/gocbcorex/retrymanager.go:55.3,55.18 1 1
github.com/couchbase/gocbcorex/retrymanager.go:26.17,27.48 1 1
github.com/couchbase/gocbcorex/retrymanager.go:31.4,31.32 1 1
github.com/couchbase/gocbcorex/retrymanager.go:35.4,36.19 2 1
github.com/couchbase/gocbcorex/retrymanager.go:52.4,52.19 1 1
github.com/couchbase/gocbcorex/retrymanager.go:27.48,29.5 1 1
github.com/couchbase/gocbcorex/retrymanager.go:31.32,33.5 1 1
github.com/couchbase/gocbcorex/retrymanager.go:36.19,37.12 1 1
github.com/couchbase/gocbcorex/retrymanager.go:48.5,49.13 2 1
github.com/couchbase/gocbcorex/retrymanager.go:38.34,38.34 0 1
github.com/couchbase/gocbcorex/retrymanager.go:39.23,41.53 2 1
github.com/couchbase/gocbcorex/retrymanager.go:41.53,43.7 1 1
github.com/couchbase/gocbcorex/retrymanager.go:43.12,45.7 1 0
github.com/couchbase/gocbcorex/collectionresolver.go:20.18,22.16 2 1
github.com/couchbase/gocbcorex/collectionresolver.go:27.2,27.6 1 1
github.com/couchbase/gocbcorex/collectionresolver.go:22.16,25.3 2 1
github.com/couchbase/gocbcorex/collectionresolver.go:27.6,29.17 2 1
github.com/couchbase/gocbcorex/collectionresolver.go:79.3,79.18 1 1
github.com/couchbase/gocbcorex/collectionresolver.go:29.17,30.52 1 1
github.com/couchbase/gocbcorex/collectionresolver.go:76.4,76.19 1 1
github.com/couchbase/gocbcorex/collectionresolver.go:30.52,35.35 4 1
github.com/couchbase/gocbcorex/collectionresolver.go:40.5,41.44 1 1
github.com/couchbase/gocbcorex/collectionresolver.go:49.5,56.29 3 1
github.com/couchbase/gocbcorex/collectionresolver.go:61.5,61.40 1 1
github.com/couchbase/gocbcorex/collectionresolver.go:71.5,73.13 3 0
github.com/couchbase/gocbcorex/collectionresolver.go:35.35,38.6 2 1
github.com/couchbase/gocbcorex/collectionresolver.go:41.44,47.6 2 1
github.com/couchbase/gocbcorex/collectionresolver.go:56.29,59.6 2 0
github.com/couchbase/gocbcorex/collectionresolver.go:61.40,69.6 2 1
github.com/couchbase/gocbcorex/crud.go:29.18,32.25 1 1
github.com/couchbase/gocbcorex/crud.go:32.25,35.65 1 1
github.com/couchbase/gocbcorex/crud.go:35.65,38.57 1 1
github.com/couchbase/gocbcorex/crud.go:38.57,39.95 1 1
github.com/couchbase/gocbcorex/crud.go:39.95,41.9 1 1
github.com/couchbase/gocbcorex/crud.go:60.89,64.115 1 1
github.com/couchbase/gocbcorex/crud.go:64.115,70.18 2 1
github.com/couchbase/gocbcorex/crud.go:74.4,79.10 1 1
github.com/couchbase/gocbcorex/crud.go:70.18,72.5 1 1
github.com/couchbase/gocbcorex/crud.go:96.98,100.118 1 1
github.com/couchbase/gocbcorex/crud.go:100.118,110.18 2 1
github.com/couchbase/gocbcorex/crud.go:114.4,116.10 1 1
github.com/couchbase/gocbcorex/crud.go:110.18,112.5 1 0
github.com/couchbase/gocbcorex/crud.go:131.98,135.118 1 1
github.com/couchbase/gocbcorex/crud.go:135.118,141.18 2 1
github.com/couchbase/gocbcorex/crud.go:145.4,147.10 1 1
github.com/couchbase/gocbcorex/crud.go:141.18,143.5 1 0
github.com/couchbase/gocbcorex/httpclientmanager.go:49.120,50.19 1 1
github.com/couchbase/gocbcorex/httpclientmanager.go:53.2,53.17 1 1
github.com/couchbase/gocbcorex/httpclientmanager.go:57.2,73.16 5 1
github.com/couchbase/gocbcorex/httpclientmanager.go:77.2,77.17 1 1
github.com/couchbase/gocbcorex/httpclientmanager.go:50.19,52.3 1 1
github.com/couchbase/gocbcorex/httpclientmanager.go:53.17,55.3 1 0
github.com/couchbase/gocbcorex/httpclientmanager.go:73.16,75.3 1 1
github.com/couchbase/gocbcorex/httpclientmanager.go:80.63,84.2 2 1
github.com/couchbase/gocbcorex/httpclientmanager.go:86.82,87.19 1 1
github.com/couchbase/gocbcorex/httpclientmanager.go:91.2,98.70 5 1
github.com/couchbase/gocbcorex/httpclientmanager.go:118.2,132.16 2 1
github.com/couchbase/gocbcorex/httpclientmanager.go:135.2,140.28 4 1
github.com/couchbase/gocbcorex/httpclientmanager.go:144.2,144.12 1 1
github.com/couchbase/gocbcorex/httpclientmanager.go:87.19,89.3 1 1
github.com/couchbase/gocbcorex/httpclientmanager.go:98.70,109.17 4 1
github.com/couchbase/gocbcorex/httpclientmanager.go:113.3,115.13 2 1
github.com/couchbase/gocbcorex/httpclientmanager.go:109.17,111.4 1 0
github.com/couchbase/gocbcorex/httpclientmanager.go:132.16,134.3 1 1
github.com/couchbase/gocbcorex/httpclientmanager.go:140.28,142.3 1 1
github.com/couchbase/gocbcorex/httpclientmanager.go:147.128,148.32 1 1
github.com/couchbase/gocbcorex/httpclientmanager.go:151.2,151.48 1 1
github.com/couchbase/gocbcorex/httpclientmanager.go:148.32,150.3 1 1
github.com/couchbase/gocbcorex/httpconfigpoller.go:23.62,27.2 3 1
github.com/couchbase/gocbcorex/httpconfigpoller.go:29.41,31.16 2 1
github.com/couchbase/gocbcorex/httpconfigpoller.go:35.2,36.16 2 1
github.com/couchbase/gocbcorex/httpconfigpoller.go:40.2,40.17 1 1
github.com/couchbase/gocbcorex/httpconfigpoller.go:31.16,33.3 1 0
github.com/couchbase/gocbcorex/httpconfigpoller.go:36.16,38.3 1 0
github.com/couchbase/gocbcorex/httpconfigpoller.go:63.72,73.2 1 1
github.com/couchbase/gocbcorex/httpconfigpoller.go:75.100,84.12 7 1
github.com/couchbase/gocbcorex/httpconfigpoller.go:255.2,255.46 1 1
github.com/couchbase/gocbcorex/httpconfigpoller.go:84.12,85.7 1 1
github.com/couchbase/gocbcorex/httpconfigpoller.go:85.7,89.28 3 1
github.com/couchbase/gocbcorex/httpconfigpoller.go:95.4,95.11 1 1
github.com/couchbase/gocbcorex/httpconfigpoller.go:101.4,102.18 2 1
github.com/couchbase/gocbcorex/httpconfigpoller.go:107.4,110.23 3 1
github.com/couchbase/gocbcorex/httpconfigpoller.go:131.4,138.42 5 1
github.com/couchbase/gocbcorex/httpconfigpoller.go:181.4,181.34 1 1
github.com/couchbase/gocbcorex/httpconfigpoller.go:188.4,193.14 3 1
github.com/couchbase/gocbcorex/httpconfigpoller.go:209.4,211.8 3 1
github.com/couchbase/gocbcorex/httpconfigpoller.go:89.28,91.5 1 0
github.com/couchbase/gocbcorex/httpconfigpoller.go:91.10,93.5 1 1
github.com/couchbase/gocbcorex/httpconfigpoller.go:96.22,97.11 1 0
github.com/couchbase/gocbcorex/httpconfigpoller.go:98.12,98.12 0 1
github.com/couchbase/gocbcorex/httpconfigpoller.go:102.18,104.13 2 0
github.com/couchbase/gocbcorex/httpconfigpoller.go:110.23,114.23 2 0
github.com/couchbase/gocbcorex/httpconfigpoller.go:126.5,128.13 3 0
github.com/couchbase/gocbcorex/httpconfigpoller.go:114.23,118.13 2 0
github.com/couchbase/gocbcorex/httpconfigpoller.go:119.24,120.13 1 0
github.com/couchbase/gocbcorex/httpconfigpoller.go:121.36,121.36 0 0
github.com/couchbase/gocbcorex/httpconfigpoller.go:138.42,151.19 4 1
github.com/couchbase/gocbcorex/httpconfigpoller.go:156.5,156.35 1 1
github.com/couchbase/gocbcorex/httpconfigpoller.go:178.5,178.13 1 1
github.com/couchbase/gocbcorex/httpconfigpoller.go:151.19,154.6 2 0
github.com/couchbase/gocbcorex/httpconfigpoller.go:156.35,158.20 2 0
github.com/couchbase/gocbcorex/httpconfigpoller.go:162.6,162.36 1 0
github.com/couchbase/gocbcorex/httpconfigpoller.go:174.6,176.14 2 0
github.com/couchbase/gocbcorex/httpconfigpoller.go:158.20,160.7 1 0
github.com/couchbase/gocbcorex/httpconfigpoller.go:162.36,165.7 2 0
github.com/couchbase/gocbcorex/httpconfigpoller.go:165.12,165.43 1 0
github.com/couchbase/gocbcorex/httpconfigpoller.go:165.43,166.15 1 0
github.com/couchbase/gocbcorex/httpconfigpoller.go:171.7,171.35 1 0
github.com/couchbase/gocbcorex/httpconfigpoller.go:166.15,169.8 2 0
github.com/couchbase/gocbcorex/httpconfigpoller.go:182.11,183.13 1 0
github.com/couchbase/gocbcorex/httpconfigpoller.go:184.12,185.13 1 0
github.com/couchbase/gocbcorex/httpconfigpoller.go:193.14,194.12 1 1
github.com/couchbase/gocbcorex/httpconfigpoller.go:199.5,204.19 4 0
github.com/couchbase/gocbcorex/httpconfigpoller.go:195.38,195.38 0 0
github.com/couchbase/gocbcorex/httpconfigpoller.go:196.23,196.23 0 0
github.com/couchbase/gocbcorex/httpconfigpoller.go:204.19,206.6 1 0
github.com/couchbase/gocbcorex/httpconfigpoller.go:211.8,213.19 2 1
github.com/couchbase/gocbcorex/httpconfigpoller.go:233.5,236.19 3 1
github.com/couchbase/gocbcorex/httpconfigpoller.go:247.5,250.22 3 1
github.com/couchbase/gocbcorex/httpconfigpoller.go:213.19,214.50 1 0
github.com/couchbase/gocbcorex/httpconfigpoller.go:221.6,223.23 2 0
github.com/couchbase/gocbcorex/httpconfigpoller.go:230.6,230.11 1 0
github.com/couchbase/gocbcorex/httpconfigpoller.go:214.50,218.12 1 0
github.com/couchbase/gocbcorex/httpconfigpoller.go:223.23,225.21 2 0
github.com/couchbase/gocbcorex/httpconfigpoller.go:225.21,227.8 1 0
github.com/couchbase/gocbcorex/httpconfigpoller.go:236.19,240.20 3 0
github.com/couchbase/gocbcorex/httpconfigpoller.go:244.6,244.11 1 0
github.com/couchbase/gocbcorex/httpconfigpoller.go:240.20,242.7 1 0
github.com/couchbase/gocbcorex/httpconfigpoller.go:258.86,261.32 2 1
github.com/couchbase/gocbcorex/httpconfigpoller.go:269.2,269.21 1 1
github.com/couchbase/gocbcorex/httpconfigpoller.go:273.2,273.18 1 1
github.com/couchbase/gocbcorex/httpconfigpoller.go:261.32,262.36 1 1
github.com/couchbase/gocbcorex/httpconfigpoller.go:265.3,266.8 2 1
github.com/couchbase/gocbcorex/httpconfigpoller.go:262.36,263.12 1 0
github.com/couchbase/gocbcorex/httpconfigpoller.go:269.21,271.3 1 1
github.com/couchbase/gocbcorex/httpconfigpoller.go:276.85,281.16 4 1
github.com/couchbase/gocbcorex/httpconfigpoller.go:285.2,288.8 1 1
github.com/couchbase/gocbcorex/httpconfigpoller.go:281.16,283.3 1 0
github.com/couchbase/gocbcorex/httpconfigpoller.go:291.56,293.16 2 1
github.com/couchbase/gocbcorex/httpconfigpoller.go:298.2,298.33 1 1
github.com/couchbase/gocbcorex/httpconfigpoller.go:302.2,302.18 1 1
github.com/couchbase/gocbcorex/httpconfigpoller.go:293.16,295.3 1 0
github.com/couchbase/gocbcorex/httpconfigpoller.go:298.33,300.3 1 0
github.com/couchbase/gocbcorex/kvclientpool.go:68.100,69.19 1 1
github.com/couchbase/gocbcorex/kvclientpool.go:72.2,72.17 1 1
github.com/couchbase/gocbcorex/kvclientpool.go:76.2,77.29 2 1
github.com/couchbase/gocbcorex/kvclientpool.go:85.2,96.15 3 1
github.com/couchbase/gocbcorex/kvclientpool.go:69.19,71.3 1 0
github.com/couchbase/gocbcorex/kvclientpool.go:72.17,74.3 1 1
github.com/couchbase/gocbcorex/kvclientpool.go:77.29,79.3 1 1
github.com/couchbase/gocbcorex/kvclientpool.go:79.8,80.83 1 1
github.com/couchbase/gocbcorex/kvclientpool.go:80.83,82.4 1 1
github.com/couchbase/gocbcorex/kvclientpool.go:99.61,100.31 1 1
github.com/couchbase/gocbcorex/kvclientpool.go:103.2,103.27 1 1
github.com/couchbase/gocbcorex/kvclientpool.go:100.31,102.3 1 1
github.com/couchbase/gocbcorex/kvclientpool.go:106.44,107.31 1 1
github.com/couchbase/gocbcorex/kvclientpool.go:112.2,115.29 3 1
github.com/couchbase/gocbcorex/kvclientpool.go:107.31,110.3 1 1
github.com/couchbase/gocbcorex/kvclientpool.go:115.29,117.3 1 1
github.com/couchbase/gocbcorex/kvclientpool.go:120.75,121.30 1 1
github.com/couchbase/gocbcorex/kvclientpool.go:125.2,125.31 1 1
github.com/couchbase/gocbcorex/kvclientpool.go:121.30,123.3 1 0
github.com/couchbase/gocbcorex/kvclientpool.go:128.52,132.28 3 1
github.com/couchbase/gocbcorex/kvclientpool.go:132.28,134.3 1 1
github.com/couchbase/gocbcorex/kvclientpool.go:137.55,138.32 1 1
github.com/couchbase/gocbcorex/kvclientpool.go:143.2,152.12 4 1
github.com/couchbase/gocbcorex/kvclientpool.go:162.2,162.12 1 1
github.com/couchbase/gocbcorex/kvclientpool.go:138.32,140.3 1 0
github.com/couchbase/gocbcorex/kvclientpool.go:152.12,153.10 1 1
github.com/couchbase/gocbcorex/kvclientpool.go:154.23,156.22 2 0
github.com/couchbase/gocbcorex/kvclientpool.go:157.27,157.27 0 1
github.com/couchbase/gocbcorex/kvclientpool.go:162.12,172.3 8 1
github.com/couchbase/gocbcorex/kvclientpool.go:175.55,176.32 1 1
github.com/couchbase/gocbcorex/kvclientpool.go:179.2,179.34 1 1
github.com/couchbase/gocbcorex/kvclientpool.go:183.2,187.16 4 1
github.com/couchbase/gocbcorex/kvclientpool.go:196.2,200.58 2 1
github.com/couchbase/gocbcorex/kvclientpool.go:206.2,208.31 3 1
github.com/couchbase/gocbcorex/kvclientpool.go:176.32,178.3 1 1
github.com/couchbase/gocbcorex/kvclientpool.go:179.34,181.3 1 0
github.com/couchbase/gocbcorex/kvclientpool.go:187.16,193.3 4 0
github.com/couchbase/gocbcorex/kvclientpool.go:200.58,204.3 3 0
github.com/couchbase/gocbcorex/kvclientpool.go:211.52,219.32 7 1
github.com/couchbase/gocbcorex/kvclientpool.go:223.2,223.36 1 1
github.com/couchbase/gocbcorex/kvclientpool.go:227.2,227.37 1 1
github.com/couchbase/gocbcorex/kvclientpool.go:219.32,221.3 1 0
github.com/couchbase/gocbcorex/kvclientpool.go:223.36,225.3 1 1
github.com/couchbase/gocbcorex/kvclientpool.go:227.37,232.37 4 1
github.com/couchbase/gocbcorex/kvclientpool.go:232.37,234.4 1 1
github.com/couchbase/gocbcorex/kvclientpool.go:238.40,240.6 1 1
github.com/couchbase/gocbcorex/kvclientpool.go:240.6,255.10 6 1
github.com/couchbase/gocbcorex/kvclientpool.go:256.24,256.24 0 1
github.com/couchbase/gocbcorex/kvclientpool.go:257.23,258.21 1 0
github.com/couchbase/gocbcorex/kvclientpool.go:263.65,265.12 2 1
github.com/couchbase/gocbcorex/kvclientpool.go:275.2,279.6 4 1
github.com/couchbase/gocbcorex/kvclientpool.go:265.12,266.10 1 1
github.com/couchbase/gocbcorex/kvclientpool.go:267.23,269.22 2 0
github.com/couchbase/gocbcorex/kvclientpool.go:270.27,270.27 0 0
github.com/couchbase/gocbcorex/kvclientpool.go:279.6,281.17 2 1
github.com/couchbase/gocbcorex/kvclientpool.go:300.3,301.52 2 1
github.com/couchbase/gocbcorex/kvclientpool.go:307.3,307.84 1 1
github.com/couchbase/gocbcorex/kvclientpool.go:308.3,308.22 1 1
github.com/couchbase/gocbcorex/kvclientpool.go:314.3,322.9 7 1
github.com/couchbase/gocbcorex/kvclientpool.go:281.17,288.83 3 0
github.com/couchbase/gocbcorex/kvclientpool.go:289.4,289.22 1 0
github.com/couchbase/gocbcorex/kvclientpool.go:294.4,297.10 3 0
github.com/couchbase/gocbcorex/kvclientpool.go:288.83,288.111 1 0
github.com/couchbase/gocbcorex/kvclientpool.go:289.22,292.5 2 0
github.com/couchbase/gocbcorex/kvclientpool.go:301.52,304.12 2 0
github.com/couchbase/gocbcorex/kvclientpool.go:307.84,307.112 1 1
github.com/couchbase/gocbcorex/kvclientpool.go:308.22,310.59 1 0
github.com/couchbase/gocbcorex/kvclientpool.go:326.62,328.2 0 1
github.com/couchbase/gocbcorex/kvclientpool.go:330.56,334.81 2 0
github.com/couchbase/gocbcorex/kvclientpool.go:335.2,335.21 1 0
github.com/couchbase/gocbcorex/kvclientpool.go:341.2,350.35 7 0
github.com/couchbase/gocbcorex/kvclientpool.go:356.2,358.17 2 0
github.com/couchbase/gocbcorex/kvclientpool.go:334.81,334.109 1 0
github.com/couchbase/gocbcorex/kvclientpool.go:335.21,338.3 2 0
github.com/couchbase/gocbcorex/kvclientpool.go:350.35,353.3 1 0
github.com/couchbase/gocbcorex/kvclientpool.go:362.47,371.2 3 1
github.com/couchbase/gocbcorex/kvclientpool.go:373.70,374.19 1 1
github.com/couchbase/gocbcorex/kvclientpool.go:379.2,388.44 6 1
github.com/couchbase/gocbcorex/kvclientpool.go:393.2,400.12 4 1
github.com/couchbase/gocbcorex/kvclientpool.go:374.19,376.3 1 1
github.com/couchbase/gocbcorex/kvclientpool.go:388.44,390.3 1 1
github.com/couchbase/gocbcorex/kvclientpool.go:403.73,405.20 2 1
github.com/couchbase/gocbcorex/kvclientpool.go:414.2,414.29 1 1
github.com/couchbase/gocbcorex/kvclientpool.go:405.20,407.26 2 1
github.com/couchbase/gocbcorex/kvclientpool.go:407.26,411.4 3 1
github.com/couchbase/gocbcorex/kvclientpool.go:417.77,421.18 3 1
github.com/couchbase/gocbcorex/kvclientpool.go:428.2,428.25 1 1
github.com/couchbase/gocbcorex/kvclientpool.go:435.2,436.16 2 1
github.com/couchbase/gocbcorex/kvclientpool.go:441.2,443.9 2 1
github.com/couchbase/gocbcorex/kvclientpool.go:454.2,454.29 1 1
github.com/couchbase/gocbcorex/kvclientpool.go:421.18,426.3 4 1
github.com/couchbase/gocbcorex/kvclientpool.go:428.25,433.3 2 0
github.com/couchbase/gocbcorex/kvclientpool.go:436.16,439.3 2 0
github.com/couchbase/gocbcorex/kvclientpool.go:444.22,444.22 0 1
github.com/couchbase/gocbcorex/kvclientpool.go:445.20,447.50 2 0
github.com/couchbase/gocbcorex/kvclientpool.go:447.50,449.4 1 0
github.com/couchbase/gocbcorex/kvclientpool.go:449.9,451.4 1 0
github.com/couchbase/gocbcorex/kvclientpool.go:457.55,459.2 0 0
github.com/couchbase/gocbcorex/kvclientpool.go:461.33,463.2 0 0
github.com/couchbase/gocbcorex/vbucketmap.go:12.66,18.2 2 1
github.com/couchbase/gocbcorex/vbucketmap.go:20.40,22.2 1 1
github.com/couchbase/gocbcorex/vbucketmap.go:24.43,26.2 1 0
github.com/couchbase/gocbcorex/vbucketmap.go:28.43,30.2 1 0
github.com/couchbase/gocbcorex/vbucketmap.go:32.57,36.2 3 1
github.com/couchbase/gocbcorex/vbucketmap.go:38.83,40.20 2 1
github.com/couchbase/gocbcorex/vbucketmap.go:47.2,48.29 2 1
github.com/couchbase/gocbcorex/vbucketmap.go:55.2,55.51 1 1
github.com/couchbase/gocbcorex/vbucketmap.go:59.2,59.44 1 1
github.com/couchbase/gocbcorex/vbucketmap.go:40.20,45.3 1 0
github.com/couchbase/gocbcorex/vbucketmap.go:48.29,53.3 1 0
github.com/couchbase/gocbcorex/vbucketmap.go:55.51,57.3 1 0
github.com/couchbase/gocbcorex/vbucketmap.go:62.71,64.16 2 0
github.com/couchbase/gocbcorex/vbucketmap.go:68.2,68.26 1 0
github.com/couchbase/gocbcorex/vbucketmap.go:73.2,73.27 1 0
github.com/couchbase/gocbcorex/vbucketmap.go:64.16,66.3 1 0
github.com/couchbase/gocbcorex/vbucketmap.go:68.26,71.3 1 0
github.com/couchbase/gocbcorex/vbucketmap.go:76.77,80.19 2 0
github.com/couchbase/gocbcorex/vbucketmap.go:84.2,84.41 1 0
github.com/couchbase/gocbcorex/vbucketmap.go:100.2,100.20 1 0
github.com/couchbase/gocbcorex/vbucketmap.go:80.19,82.3 1 0
github.com/couchbase/gocbcorex/vbucketmap.go:84.41,85.30 1 0
github.com/couchbase/gocbcorex/vbucketmap.go:89.3,91.31 2 0
github.com/couchbase/gocbcorex/vbucketmap.go:95.3,95.20 1 0
github.com/couchbase/gocbcorex/vbucketmap.go:85.30,86.12 1 0
github.com/couchbase/gocbcorex/vbucketmap.go:91.31,93.4 1 0
github.com/couchbase/gocbcorex/vbucketmap.go:95.20,97.4 1 0
github.com/couchbase/gocbcorex/vbucketmap.go:103.78,105.2 1 0
github.com/couchbase/gocbcorex/atomicpointer.go:19.38,19.79 1 1
github.com/couchbase/gocbcorex/atomicpointer.go:22.42,22.92 1 1
github.com/couchbase/gocbcorex/atomicpointer.go:25.50,27.2 1 0
github.com/couchbase/gocbcorex/atomicpointer.go:30.71,32.2 1 0
github.com/couchbase/gocbcorex/backoff.go:11.90,16.13 4 0
github.com/couchbase/gocbcorex/backoff.go:19.2,19.13 1 0
github.com/couchbase/gocbcorex/backoff.go:22.2,22.23 1 0
github.com/couchbase/gocbcorex/backoff.go:26.2,26.50 1 0
github.com/couchbase/gocbcorex/backoff.go:16.13,18.3 1 0
github.com/couchbase/gocbcorex/backoff.go:19.13,21.3 1 0
github.com/couchbase/gocbcorex/backoff.go:22.23,24.3 1 0
github.com/couchbase/gocbcorex/backoff.go:26.50,29.27 2 0
github.com/couchbase/gocbcorex/backoff.go:32.3,32.27 1 0
github.com/couchbase/gocbcorex/backoff.go:36.3,36.32 1 0
github.com/couchbase/gocbcorex/backoff.go:29.27,31.4 1 0
github.com/couchbase/gocbcorex/backoff.go:32.27,34.4 1 0
github.com/couchbase/gocbcorex/retrymanager_fastfail.go:8.54,10.2 1 1
github.com/couchbase/gocbcorex/retrymanager_fastfail.go:12.69,14.2 1 1
github.com/couchbase/gocbcorex/retrymanager_fastfail.go:18.80,20.2 1 1
